This is pdfTeX, Version 3.14159265-2.6-1.40.20 (MiKTeX 2.9.7000 64-bit) (preloaded format=pdflatex 2020.3.24)  29 APR 2020 15:07
entering extended mode
**./РїРµРґР°РіРѕРіРёРєР°.tex
(РїРµРґР°РіРѕРіРёРєР°.tex
LaTeX2e <2018-12-01>

("C:\Users\РќРёРєРѕР»Р°Р№ Р“РѕСЂРѕС€РєРѕ\AppData\Local\Programs\MiKTeX 2.9\tex/
latex/extsizes\extreport.cls"
Document Class: extreport 1996/10/08 v1.0 Non Standard LaTeX document class

("C:\Users\РќРёРєРѕР»Р°Р№ Р“РѕСЂРѕС€РєРѕ\AppData\Local\Programs\MiKTeX 2.9\tex/
latex/extsizes\size14.clo"
File: size14.clo 1999/11/11 v1.4a NON-Standard LaTeX file (size option)
)
("C:\Users\РќРёРєРѕР»Р°Р№ Р“РѕСЂРѕС€РєРѕ\AppData\Local\Programs\MiKTeX 2.9\tex/
latex/base\exscale.sty"
Package: exscale 2018/09/24 v2.1i Standard LaTeX package exscale
LaTeX Font Info:    Redeclaring symbol font `largesymbols' on input line 57.
LaTeX Font Info:    Overwriting symbol font `largesymbols' in version `normal'
(Font)                  OMX/cmex/m/n --> OMX/cmex/m/n on input line 57.
LaTeX Font Info:    Overwriting symbol font `largesymbols' in version `bold'
(Font)                  OMX/cmex/m/n --> OMX/cmex/m/n on input line 57.
\big@size=\dimen102
)
\c@part=\count80
\c@chapter=\count81
\c@section=\count82
\c@subsection=\count83
\c@subsubsection=\count84
\c@paragraph=\count85
\c@subparagraph=\count86
\c@figure=\count87
\c@table=\count88
\abovecaptionskip=\skip41
\belowcaptionskip=\skip42
\bibindent=\dimen103
)
("C:\Users\РќРёРєРѕР»Р°Р№ Р“РѕСЂРѕС€РєРѕ\AppData\Local\Programs\MiKTeX 2.9\tex/
latex/base\inputenc.sty"
Package: inputenc 2018/08/11 v1.3c Input encoding file
\inpenc@prehook=\toks14
\inpenc@posthook=\toks15

("C:\Users\РќРёРєРѕР»Р°Р№ Р“РѕСЂРѕС€РєРѕ\AppData\Local\Programs\MiKTeX 2.9\tex/
latex/cyrillic\cp1251.def"
File: cp1251.def 2014/10/28 v1.0d Input encoding file
)) (BSUStyle.sty
Package: BSUStyle 2017/05/01 BSU diploma and master thesis package

("C:\Users\РќРёРєРѕР»Р°Р№ Р“РѕСЂРѕС€РєРѕ\AppData\Local\Programs\MiKTeX 2.9\tex/
generic/babel\babel.sty"
Package: babel 2019/04/03 3.29 The Babel package

("C:\Users\РќРёРєРѕР»Р°Р№ Р“РѕСЂРѕС€РєРѕ\AppData\Local\Programs\MiKTeX 2.9\tex/
generic/babel\switch.def"
File: switch.def 2019/04/03 3.29 Babel switching mechanism
)
*************************************
* Local config file bblopts.cfg used
*

("C:\Users\РќРёРєРѕР»Р°Р№ Р“РѕСЂРѕС€РєРѕ\AppData\Local\Programs\MiKTeX 2.9\tex/
latex/arabi\bblopts.cfg"
File: bblopts.cfg 2005/09/08 v0.1 add Arabic and Farsi to "declared" options of
 babel
)
("C:\Users\РќРёРєРѕР»Р°Р№ Р“РѕСЂРѕС€РєРѕ\AppData\Local\Programs\MiKTeX 2.9\tex/
latex/babel-russian\russianb.ldf"
Language: russian 2017/08/12 1.3j Russian support for the Babel system

("C:\Users\РќРёРєРѕР»Р°Р№ Р“РѕСЂРѕС€РєРѕ\AppData\Local\Programs\MiKTeX 2.9\tex/
generic/babel\babel.def"
File: babel.def 2019/04/03 3.29 Babel common definitions
\babel@savecnt=\count89
\U@D=\dimen104

("C:\Users\РќРёРєРѕР»Р°Р№ Р“РѕСЂРѕС€РєРѕ\AppData\Local\Programs\MiKTeX 2.9\tex/
generic/babel\txtbabel.def")
\bbl@dirlevel=\count90
)

Package babel Warning: No Cyrillic font encoding has been loaded so far.
(babel)                A font encoding should be declared before babel.
(babel)                Default `T2A' encoding will be loaded  on input line 74.



("C:\Users\РќРёРєРѕР»Р°Р№ Р“РѕСЂРѕС€РєРѕ\AppData\Local\Programs\MiKTeX 2.9\tex/
latex/cyrillic\t2aenc.def"
File: t2aenc.def 2005/09/27 v1.0i Cyrillic encoding definition file
Now handling font encoding T2A ...
... processing UTF-8 mapping file for font encoding T2A

("C:\Users\РќРёРєРѕР»Р°Р№ Р“РѕСЂРѕС€РєРѕ\AppData\Local\Programs\MiKTeX 2.9\tex/
latex/base\t2aenc.dfu"
File: t2aenc.dfu 2018/10/05 v1.2f UTF-8 support for inputenc
   defining Unicode char U+00A4 (decimal 164)
   defining Unicode char U+00A7 (decimal 167)
   defining Unicode char U+00AB (decimal 171)
   defining Unicode char U+00BB (decimal 187)
   defining Unicode char U+0131 (decimal 305)
   defining Unicode char U+0237 (decimal 567)
   defining Unicode char U+0400 (decimal 1024)
   defining Unicode char U+0401 (decimal 1025)
   defining Unicode char U+0402 (decimal 1026)
   defining Unicode char U+0403 (decimal 1027)
   defining Unicode char U+0404 (decimal 1028)
   defining Unicode char U+0405 (decimal 1029)
   defining Unicode char U+0406 (decimal 1030)
   defining Unicode char U+0407 (decimal 1031)
   defining Unicode char U+0408 (decimal 1032)
   defining Unicode char U+0409 (decimal 1033)
   defining Unicode char U+040A (decimal 1034)
   defining Unicode char U+040B (decimal 1035)
   defining Unicode char U+040C (decimal 1036)
   defining Unicode char U+040D (decimal 1037)
   defining Unicode char U+040E (decimal 1038)
   defining Unicode char U+040F (decimal 1039)
   defining Unicode char U+0410 (decimal 1040)
   defining Unicode char U+0411 (decimal 1041)
   defining Unicode char U+0412 (decimal 1042)
   defining Unicode char U+0413 (decimal 1043)
   defining Unicode char U+0414 (decimal 1044)
   defining Unicode char U+0415 (decimal 1045)
   defining Unicode char U+0416 (decimal 1046)
   defining Unicode char U+0417 (decimal 1047)
   defining Unicode char U+0418 (decimal 1048)
   defining Unicode char U+0419 (decimal 1049)
   defining Unicode char U+041A (decimal 1050)
   defining Unicode char U+041B (decimal 1051)
   defining Unicode char U+041C (decimal 1052)
   defining Unicode char U+041D (decimal 1053)
   defining Unicode char U+041E (decimal 1054)
   defining Unicode char U+041F (decimal 1055)
   defining Unicode char U+0420 (decimal 1056)
   defining Unicode char U+0421 (decimal 1057)
   defining Unicode char U+0422 (decimal 1058)
   defining Unicode char U+0423 (decimal 1059)
   defining Unicode char U+0424 (decimal 1060)
   defining Unicode char U+0425 (decimal 1061)
   defining Unicode char U+0426 (decimal 1062)
   defining Unicode char U+0427 (decimal 1063)
   defining Unicode char U+0428 (decimal 1064)
   defining Unicode char U+0429 (decimal 1065)
   defining Unicode char U+042A (decimal 1066)
   defining Unicode char U+042B (decimal 1067)
   defining Unicode char U+042C (decimal 1068)
   defining Unicode char U+042D (decimal 1069)
   defining Unicode char U+042E (decimal 1070)
   defining Unicode char U+042F (decimal 1071)
   defining Unicode char U+0430 (decimal 1072)
   defining Unicode char U+0431 (decimal 1073)
   defining Unicode char U+0432 (decimal 1074)
   defining Unicode char U+0433 (decimal 1075)
   defining Unicode char U+0434 (decimal 1076)
   defining Unicode char U+0435 (decimal 1077)
   defining Unicode char U+0436 (decimal 1078)
   defining Unicode char U+0437 (decimal 1079)
   defining Unicode char U+0438 (decimal 1080)
   defining Unicode char U+0439 (decimal 1081)
   defining Unicode char U+043A (decimal 1082)
   defining Unicode char U+043B (decimal 1083)
   defining Unicode char U+043C (decimal 1084)
   defining Unicode char U+043D (decimal 1085)
   defining Unicode char U+043E (decimal 1086)
   defining Unicode char U+043F (decimal 1087)
   defining Unicode char U+0440 (decimal 1088)
   defining Unicode char U+0441 (decimal 1089)
   defining Unicode char U+0442 (decimal 1090)
   defining Unicode char U+0443 (decimal 1091)
   defining Unicode char U+0444 (decimal 1092)
   defining Unicode char U+0445 (decimal 1093)
   defining Unicode char U+0446 (decimal 1094)
   defining Unicode char U+0447 (decimal 1095)
   defining Unicode char U+0448 (decimal 1096)
   defining Unicode char U+0449 (decimal 1097)
   defining Unicode char U+044A (decimal 1098)
   defining Unicode char U+044B (decimal 1099)
   defining Unicode char U+044C (decimal 1100)
   defining Unicode char U+044D (decimal 1101)
   defining Unicode char U+044E (decimal 1102)
   defining Unicode char U+044F (decimal 1103)
   defining Unicode char U+0450 (decimal 1104)
   defining Unicode char U+0451 (decimal 1105)
   defining Unicode char U+0452 (decimal 1106)
   defining Unicode char U+0453 (decimal 1107)
   defining Unicode char U+0454 (decimal 1108)
   defining Unicode char U+0455 (decimal 1109)
   defining Unicode char U+0456 (decimal 1110)
   defining Unicode char U+0457 (decimal 1111)
   defining Unicode char U+0458 (decimal 1112)
   defining Unicode char U+0459 (decimal 1113)
   defining Unicode char U+045A (decimal 1114)
   defining Unicode char U+045B (decimal 1115)
   defining Unicode char U+045C (decimal 1116)
   defining Unicode char U+045D (decimal 1117)
   defining Unicode char U+045E (decimal 1118)
   defining Unicode char U+045F (decimal 1119)
   defining Unicode char U+0490 (decimal 1168)
   defining Unicode char U+0491 (decimal 1169)
   defining Unicode char U+0492 (decimal 1170)
   defining Unicode char U+0493 (decimal 1171)
   defining Unicode char U+0496 (decimal 1174)
   defining Unicode char U+0497 (decimal 1175)
   defining Unicode char U+0498 (decimal 1176)
   defining Unicode char U+0499 (decimal 1177)
   defining Unicode char U+049A (decimal 1178)
   defining Unicode char U+049B (decimal 1179)
   defining Unicode char U+049C (decimal 1180)
   defining Unicode char U+049D (decimal 1181)
   defining Unicode char U+04A0 (decimal 1184)
   defining Unicode char U+04A1 (decimal 1185)
   defining Unicode char U+04A2 (decimal 1186)
   defining Unicode char U+04A3 (decimal 1187)
   defining Unicode char U+04A4 (decimal 1188)
   defining Unicode char U+04A5 (decimal 1189)
   defining Unicode char U+04AA (decimal 1194)
   defining Unicode char U+04AB (decimal 1195)
   defining Unicode char U+04AE (decimal 1198)
   defining Unicode char U+04AF (decimal 1199)
   defining Unicode char U+04B0 (decimal 1200)
   defining Unicode char U+04B1 (decimal 1201)
   defining Unicode char U+04B2 (decimal 1202)
   defining Unicode char U+04B3 (decimal 1203)
   defining Unicode char U+04B6 (decimal 1206)
   defining Unicode char U+04B7 (decimal 1207)
   defining Unicode char U+04B8 (decimal 1208)
   defining Unicode char U+04B9 (decimal 1209)
   defining Unicode char U+04BA (decimal 1210)
   defining Unicode char U+04BB (decimal 1211)
   defining Unicode char U+04C0 (decimal 1216)
   defining Unicode char U+04C1 (decimal 1217)
   defining Unicode char U+04C2 (decimal 1218)
   defining Unicode char U+04D0 (decimal 1232)
   defining Unicode char U+04D1 (decimal 1233)
   defining Unicode char U+04D2 (decimal 1234)
   defining Unicode char U+04D3 (decimal 1235)
   defining Unicode char U+04D4 (decimal 1236)
   defining Unicode char U+04D5 (decimal 1237)
   defining Unicode char U+04D6 (decimal 1238)
   defining Unicode char U+04D7 (decimal 1239)
   defining Unicode char U+04D8 (decimal 1240)
   defining Unicode char U+04D9 (decimal 1241)
   defining Unicode char U+04DA (decimal 1242)
   defining Unicode char U+04DB (decimal 1243)
   defining Unicode char U+04DC (decimal 1244)
   defining Unicode char U+04DD (decimal 1245)
   defining Unicode char U+04DE (decimal 1246)
   defining Unicode char U+04DF (decimal 1247)
   defining Unicode char U+04E2 (decimal 1250)
   defining Unicode char U+04E3 (decimal 1251)
   defining Unicode char U+04E4 (decimal 1252)
   defining Unicode char U+04E5 (decimal 1253)
   defining Unicode char U+04E6 (decimal 1254)
   defining Unicode char U+04E7 (decimal 1255)
   defining Unicode char U+04E8 (decimal 1256)
   defining Unicode char U+04E9 (decimal 1257)
   defining Unicode char U+04EC (decimal 1260)
   defining Unicode char U+04ED (decimal 1261)
   defining Unicode char U+04EE (decimal 1262)
   defining Unicode char U+04EF (decimal 1263)
   defining Unicode char U+04F0 (decimal 1264)
   defining Unicode char U+04F1 (decimal 1265)
   defining Unicode char U+04F2 (decimal 1266)
   defining Unicode char U+04F3 (decimal 1267)
   defining Unicode char U+04F4 (decimal 1268)
   defining Unicode char U+04F5 (decimal 1269)
   defining Unicode char U+04F8 (decimal 1272)
   defining Unicode char U+04F9 (decimal 1273)
   defining Unicode char U+200C (decimal 8204)
   defining Unicode char U+2013 (decimal 8211)
   defining Unicode char U+2014 (decimal 8212)
   defining Unicode char U+2018 (decimal 8216)
   defining Unicode char U+2019 (decimal 8217)
   defining Unicode char U+201C (decimal 8220)
   defining Unicode char U+201D (decimal 8221)
   defining Unicode char U+201E (decimal 8222)
   defining Unicode char U+2030 (decimal 8240)
   defining Unicode char U+2031 (decimal 8241)
   defining Unicode char U+2116 (decimal 8470)
   defining Unicode char U+2329 (decimal 9001)
   defining Unicode char U+232A (decimal 9002)
   defining Unicode char U+2423 (decimal 9251)
))
Package babel Info: Making " an active character on input line 120.
Package babel Info: Default for \cyrdash is provided on input line 157.
))
("C:\Users\РќРёРєРѕР»Р°Р№ Р“РѕСЂРѕС€РєРѕ\AppData\Local\Programs\MiKTeX 2.9\tex/
latex/tools\indentfirst.sty"
Package: indentfirst 1995/11/23 v1.03 Indent first paragraph (DPC)
)
("C:\Users\РќРёРєРѕР»Р°Р№ Р“РѕСЂРѕС€РєРѕ\AppData\Local\Programs\MiKTeX 2.9\tex/
latex/graphics\graphicx.sty"
Package: graphicx 2017/06/01 v1.1a Enhanced LaTeX Graphics (DPC,SPQR)

("C:\Users\РќРёРєРѕР»Р°Р№ Р“РѕСЂРѕС€РєРѕ\AppData\Local\Programs\MiKTeX 2.9\tex/
latex/graphics\keyval.sty"
Package: keyval 2014/10/28 v1.15 key=value parser (DPC)
\KV@toks@=\toks16
)
("C:\Users\РќРёРєРѕР»Р°Р№ Р“РѕСЂРѕС€РєРѕ\AppData\Local\Programs\MiKTeX 2.9\tex/
latex/graphics\graphics.sty"
Package: graphics 2017/06/25 v1.2c Standard LaTeX Graphics (DPC,SPQR)

("C:\Users\РќРёРєРѕР»Р°Р№ Р“РѕСЂРѕС€РєРѕ\AppData\Local\Programs\MiKTeX 2.9\tex/
latex/graphics\trig.sty"
Package: trig 2016/01/03 v1.10 sin cos tan (DPC)
)
("C:\Users\РќРёРєРѕР»Р°Р№ Р“РѕСЂРѕС€РєРѕ\AppData\Local\Programs\MiKTeX 2.9\tex/
latex/graphics-cfg\graphics.cfg"
File: graphics.cfg 2016/06/04 v1.11 sample graphics configuration
)
Package graphics Info: Driver file: pdftex.def on input line 99.

("C:\Users\РќРёРєРѕР»Р°Р№ Р“РѕСЂРѕС€РєРѕ\AppData\Local\Programs\MiKTeX 2.9\tex/
latex/graphics-def\pdftex.def"
File: pdftex.def 2018/01/08 v1.0l Graphics/color driver for pdftex
))
\Gin@req@height=\dimen105
\Gin@req@width=\dimen106
)
("C:\Users\РќРёРєРѕР»Р°Р№ Р“РѕСЂРѕС€РєРѕ\AppData\Local\Programs\MiKTeX 2.9\tex/
latex/amsmath\amsmath.sty"
Package: amsmath 2018/12/01 v2.17b AMS math features
\@mathmargin=\skip43

For additional information on amsmath, use the `?' option.

("C:\Users\РќРёРєРѕР»Р°Р№ Р“РѕСЂРѕС€РєРѕ\AppData\Local\Programs\MiKTeX 2.9\tex/
latex/amsmath\amstext.sty"
Package: amstext 2000/06/29 v2.01 AMS text

("C:\Users\РќРёРєРѕР»Р°Р№ Р“РѕСЂРѕС€РєРѕ\AppData\Local\Programs\MiKTeX 2.9\tex/
latex/amsmath\amsgen.sty"
File: amsgen.sty 1999/11/30 v2.0 generic functions
\@emptytoks=\toks17
\ex@=\dimen107
))
("C:\Users\РќРёРєРѕР»Р°Р№ Р“РѕСЂРѕС€РєРѕ\AppData\Local\Programs\MiKTeX 2.9\tex/
latex/amsmath\amsbsy.sty"
Package: amsbsy 1999/11/29 v1.2d Bold Symbols
\pmbraise@=\dimen108
)
("C:\Users\РќРёРєРѕР»Р°Р№ Р“РѕСЂРѕС€РєРѕ\AppData\Local\Programs\MiKTeX 2.9\tex/
latex/amsmath\amsopn.sty"
Package: amsopn 2016/03/08 v2.02 operator names
)
\inf@bad=\count91
LaTeX Info: Redefining \frac on input line 223.
\uproot@=\count92
\leftroot@=\count93
LaTeX Info: Redefining \overline on input line 385.
\classnum@=\count94
\DOTSCASE@=\count95
LaTeX Info: Redefining \ldots on input line 482.
LaTeX Info: Redefining \dots on input line 485.
LaTeX Info: Redefining \cdots on input line 606.
\Mathstrutbox@=\box27
\strutbox@=\box28
\big@size=\dimen109
LaTeX Font Info:    Redeclaring font encoding OML on input line 729.
LaTeX Font Info:    Redeclaring font encoding OMS on input line 730.
\macc@depth=\count96
\c@MaxMatrixCols=\count97
\dotsspace@=\muskip10
\c@parentequation=\count98
\dspbrk@lvl=\count99
\tag@help=\toks18
\row@=\count100
\column@=\count101
\maxfields@=\count102
\andhelp@=\toks19
\eqnshift@=\dimen110
\alignsep@=\dimen111
\tagshift@=\dimen112
\tagwidth@=\dimen113
\totwidth@=\dimen114
\lineht@=\dimen115
\@envbody=\toks20
\multlinegap=\skip44
\multlinetaggap=\skip45
\mathdisplay@stack=\toks21
LaTeX Info: Redefining \[ on input line 2844.
LaTeX Info: Redefining \] on input line 2845.
)
("C:\Users\РќРёРєРѕР»Р°Р№ Р“РѕСЂРѕС€РєРѕ\AppData\Local\Programs\MiKTeX 2.9\tex/
latex/amsfonts\amsfonts.sty"
Package: amsfonts 2013/01/14 v3.01 Basic AMSFonts support
\symAMSa=\mathgroup4
\symAMSb=\mathgroup5
LaTeX Font Info:    Overwriting math alphabet `\mathfrak' in version `bold'
(Font)                  U/euf/m/n --> U/euf/b/n on input line 106.
)
("C:\Users\РќРёРєРѕР»Р°Р№ Р“РѕСЂРѕС€РєРѕ\AppData\Local\Programs\MiKTeX 2.9\tex/
latex/amsfonts\amssymb.sty"
Package: amssymb 2013/01/14 v3.01 AMS font symbols
)
("C:\Users\РќРёРєРѕР»Р°Р№ Р“РѕСЂРѕС€РєРѕ\AppData\Local\Programs\MiKTeX 2.9\tex/
latex/cite\cite.sty"
LaTeX Info: Redefining \cite on input line 302.
LaTeX Info: Redefining \nocite on input line 332.
Package: cite 2015/02/27  v 5.5
)
("C:\Users\РќРёРєРѕР»Р°Р№ Р“РѕСЂРѕС€РєРѕ\AppData\Local\Programs\MiKTeX 2.9\tex/
latex/oberdiek\epstopdf.sty"
Package: epstopdf 2016/05/15 v2.6 Conversion with epstopdf on the fly (HO)

("C:\Users\РќРёРєРѕР»Р°Р№ Р“РѕСЂРѕС€РєРѕ\AppData\Local\Programs\MiKTeX 2.9\tex/
latex/oberdiek\epstopdf-base.sty"
Package: epstopdf-base 2016/05/15 v2.6 Base part for package epstopdf

("C:\Users\РќРёРєРѕР»Р°Р№ Р“РѕСЂРѕС€РєРѕ\AppData\Local\Programs\MiKTeX 2.9\tex/
generic/oberdiek\infwarerr.sty"
Package: infwarerr 2016/05/16 v1.4 Providing info/warning/error messages (HO)
)
("C:\Users\РќРёРєРѕР»Р°Р№ Р“РѕСЂРѕС€РєРѕ\AppData\Local\Programs\MiKTeX 2.9\tex/
latex/oberdiek\grfext.sty"
Package: grfext 2016/05/16 v1.2 Manage graphics extensions (HO)

("C:\Users\РќРёРєРѕР»Р°Р№ Р“РѕСЂРѕС€РєРѕ\AppData\Local\Programs\MiKTeX 2.9\tex/
generic/oberdiek\kvdefinekeys.sty"
Package: kvdefinekeys 2016/05/16 v1.4 Define keys (HO)

("C:\Users\РќРёРєРѕР»Р°Р№ Р“РѕСЂРѕС€РєРѕ\AppData\Local\Programs\MiKTeX 2.9\tex/
generic/oberdiek\ltxcmds.sty"
Package: ltxcmds 2016/05/16 v1.23 LaTeX kernel commands for general use (HO)
)))
("C:\Users\РќРёРєРѕР»Р°Р№ Р“РѕСЂРѕС€РєРѕ\AppData\Local\Programs\MiKTeX 2.9\tex/
latex/oberdiek\kvoptions.sty"
Package: kvoptions 2016/05/16 v3.12 Key value format for package options (HO)

("C:\Users\РќРёРєРѕР»Р°Р№ Р“РѕСЂРѕС€РєРѕ\AppData\Local\Programs\MiKTeX 2.9\tex/
generic/oberdiek\kvsetkeys.sty"
Package: kvsetkeys 2016/05/16 v1.17 Key value parser (HO)

("C:\Users\РќРёРєРѕР»Р°Р№ Р“РѕСЂРѕС€РєРѕ\AppData\Local\Programs\MiKTeX 2.9\tex/
generic/oberdiek\etexcmds.sty"
Package: etexcmds 2016/05/16 v1.6 Avoid name clashes with e-TeX commands (HO)

("C:\Users\РќРёРєРѕР»Р°Р№ Р“РѕСЂРѕС€РєРѕ\AppData\Local\Programs\MiKTeX 2.9\tex/
generic/oberdiek\ifluatex.sty"
Package: ifluatex 2016/05/16 v1.4 Provides the ifluatex switch (HO)
Package ifluatex Info: LuaTeX not detected.
))))
("C:\Users\РќРёРєРѕР»Р°Р№ Р“РѕСЂРѕС€РєРѕ\AppData\Local\Programs\MiKTeX 2.9\tex/
generic/oberdiek\pdftexcmds.sty"
Package: pdftexcmds 2018/09/10 v0.29 Utility functions of pdfTeX for LuaTeX (HO
)

("C:\Users\РќРёРєРѕР»Р°Р№ Р“РѕСЂРѕС€РєРѕ\AppData\Local\Programs\MiKTeX 2.9\tex/
generic/oberdiek\ifpdf.sty"
Package: ifpdf 2018/09/07 v3.3 Provides the ifpdf switch
)
Package pdftexcmds Info: LuaTeX not detected.
Package pdftexcmds Info: \pdf@primitive is available.
Package pdftexcmds Info: \pdf@ifprimitive is available.
Package pdftexcmds Info: \pdfdraftmode found.
)
Package epstopdf-base Info: Redefining graphics rule for `.eps' on input line 4
38.
Package grfext Info: Graphics extension search list:
(grfext)             [.pdf,.png,.jpg,.mps,.jpeg,.jbig2,.jb2,.PDF,.PNG,.JPG,.JPE
G,.JBIG2,.JB2,.eps]
(grfext)             \AppendGraphicsExtensions on input line 456.
))
("C:\Users\РќРёРєРѕР»Р°Р№ Р“РѕСЂРѕС€РєРѕ\AppData\Local\Programs\MiKTeX 2.9\tex/
latex/pgf/frontendlayer\tikz.sty"
("C:\Users\РќРёРєРѕР»Р°Р№ Р“РѕСЂРѕС€РєРѕ\AppData\Local\Programs\MiKTeX 2.9\tex/
latex/pgf/basiclayer\pgf.sty"
("C:\Users\РќРёРєРѕР»Р°Р№ Р“РѕСЂРѕС€РєРѕ\AppData\Local\Programs\MiKTeX 2.9\tex/
latex/pgf/utilities\pgfrcs.sty"
("C:\Users\РќРёРєРѕР»Р°Р№ Р“РѕСЂРѕС€РєРѕ\AppData\Local\Programs\MiKTeX 2.9\tex/
generic/pgf/utilities\pgfutil-common.tex"
\pgfutil@everybye=\toks22
\pgfutil@tempdima=\dimen116
\pgfutil@tempdimb=\dimen117

("C:\Users\РќРёРєРѕР»Р°Р№ Р“РѕСЂРѕС€РєРѕ\AppData\Local\Programs\MiKTeX 2.9\tex/
generic/pgf/utilities\pgfutil-common-lists.tex"))
("C:\Users\РќРёРєРѕР»Р°Р№ Р“РѕСЂРѕС€РєРѕ\AppData\Local\Programs\MiKTeX 2.9\tex/
generic/pgf/utilities\pgfutil-latex.def"
\pgfutil@abb=\box29

("C:\Users\РќРёРєРѕР»Р°Р№ Р“РѕСЂРѕС€РєРѕ\AppData\Local\Programs\MiKTeX 2.9\tex/
latex/ms\everyshi.sty"
Package: everyshi 2001/05/15 v3.00 EveryShipout Package (MS)
))
("C:\Users\РќРёРєРѕР»Р°Р№ Р“РѕСЂРѕС€РєРѕ\AppData\Local\Programs\MiKTeX 2.9\tex/
generic/pgf/utilities\pgfrcs.code.tex"
("C:\Users\РќРёРєРѕР»Р°Р№ Р“РѕСЂРѕС€РєРѕ\AppData\Local\Programs\MiKTeX 2.9\tex/
generic/pgf\pgf.revision.tex")
Package: pgfrcs 2019/04/04 v3.1.2 (3.1.2)
))
Package: pgf 2019/04/04 v3.1.2 (3.1.2)

("C:\Users\РќРёРєРѕР»Р°Р№ Р“РѕСЂРѕС€РєРѕ\AppData\Local\Programs\MiKTeX 2.9\tex/
latex/pgf/basiclayer\pgfcore.sty"
("C:\Users\РќРёРєРѕР»Р°Р№ Р“РѕСЂРѕС€РєРѕ\AppData\Local\Programs\MiKTeX 2.9\tex/
latex/pgf/systemlayer\pgfsys.sty"
("C:\Users\РќРёРєРѕР»Р°Р№ Р“РѕСЂРѕС€РєРѕ\AppData\Local\Programs\MiKTeX 2.9\tex/
generic/pgf/systemlayer\pgfsys.code.tex"
Package: pgfsys 2019/04/04 v3.1.2 (3.1.2)

("C:\Users\РќРёРєРѕР»Р°Р№ Р“РѕСЂРѕС€РєРѕ\AppData\Local\Programs\MiKTeX 2.9\tex/
generic/pgf/utilities\pgfkeys.code.tex"
\pgfkeys@pathtoks=\toks23
\pgfkeys@temptoks=\toks24

("C:\Users\РќРёРєРѕР»Р°Р№ Р“РѕСЂРѕС€РєРѕ\AppData\Local\Programs\MiKTeX 2.9\tex/
generic/pgf/utilities\pgfkeysfiltered.code.tex"
\pgfkeys@tmptoks=\toks25
))
\pgf@x=\dimen118
\pgf@y=\dimen119
\pgf@xa=\dimen120
\pgf@ya=\dimen121
\pgf@xb=\dimen122
\pgf@yb=\dimen123
\pgf@xc=\dimen124
\pgf@yc=\dimen125
\w@pgf@writea=\write3
\r@pgf@reada=\read1
\c@pgf@counta=\count103
\c@pgf@countb=\count104
\c@pgf@countc=\count105
\c@pgf@countd=\count106
\t@pgf@toka=\toks26
\t@pgf@tokb=\toks27
\t@pgf@tokc=\toks28
\pgf@sys@id@count=\count107

("C:\Users\РќРёРєРѕР»Р°Р№ Р“РѕСЂРѕС€РєРѕ\AppData\Local\Programs\MiKTeX 2.9\tex/
generic/pgf/systemlayer\pgf.cfg"
File: pgf.cfg 2019/04/04 v3.1.2 (3.1.2)
)
Driver file for pgf: pgfsys-pdftex.def

("C:\Users\РќРёРєРѕР»Р°Р№ Р“РѕСЂРѕС€РєРѕ\AppData\Local\Programs\MiKTeX 2.9\tex/
generic/pgf/systemlayer\pgfsys-pdftex.def"
File: pgfsys-pdftex.def 2019/04/04 v3.1.2 (3.1.2)

("C:\Users\РќРёРєРѕР»Р°Р№ Р“РѕСЂРѕС€РєРѕ\AppData\Local\Programs\MiKTeX 2.9\tex/
generic/pgf/systemlayer\pgfsys-common-pdf.def"
File: pgfsys-common-pdf.def 2019/04/04 v3.1.2 (3.1.2)
)))
("C:\Users\РќРёРєРѕР»Р°Р№ Р“РѕСЂРѕС€РєРѕ\AppData\Local\Programs\MiKTeX 2.9\tex/
generic/pgf/systemlayer\pgfsyssoftpath.code.tex"
File: pgfsyssoftpath.code.tex 2019/04/04 v3.1.2 (3.1.2)
\pgfsyssoftpath@smallbuffer@items=\count108
\pgfsyssoftpath@bigbuffer@items=\count109
)
("C:\Users\РќРёРєРѕР»Р°Р№ Р“РѕСЂРѕС€РєРѕ\AppData\Local\Programs\MiKTeX 2.9\tex/
generic/pgf/systemlayer\pgfsysprotocol.code.tex"
File: pgfsysprotocol.code.tex 2019/04/04 v3.1.2 (3.1.2)
))
("C:\Users\РќРёРєРѕР»Р°Р№ Р“РѕСЂРѕС€РєРѕ\AppData\Local\Programs\MiKTeX 2.9\tex/
latex/xcolor\xcolor.sty"
Package: xcolor 2016/05/11 v2.12 LaTeX color extensions (UK)

("C:\Users\РќРёРєРѕР»Р°Р№ Р“РѕСЂРѕС€РєРѕ\AppData\Local\Programs\MiKTeX 2.9\tex/
latex/graphics-cfg\color.cfg"
File: color.cfg 2016/01/02 v1.6 sample color configuration
)
Package xcolor Info: Driver file: pdftex.def on input line 225.
Package xcolor Info: Model `cmy' substituted by `cmy0' on input line 1348.
Package xcolor Info: Model `hsb' substituted by `rgb' on input line 1352.
Package xcolor Info: Model `RGB' extended on input line 1364.
Package xcolor Info: Model `HTML' substituted by `rgb' on input line 1366.
Package xcolor Info: Model `Hsb' substituted by `hsb' on input line 1367.
Package xcolor Info: Model `tHsb' substituted by `hsb' on input line 1368.
Package xcolor Info: Model `HSB' substituted by `hsb' on input line 1369.
Package xcolor Info: Model `Gray' substituted by `gray' on input line 1370.
Package xcolor Info: Model `wave' substituted by `hsb' on input line 1371.
)
("C:\Users\РќРёРєРѕР»Р°Р№ Р“РѕСЂРѕС€РєРѕ\AppData\Local\Programs\MiKTeX 2.9\tex/
generic/pgf/basiclayer\pgfcore.code.tex"
Package: pgfcore 2019/04/04 v3.1.2 (3.1.2)

("C:\Users\РќРёРєРѕР»Р°Р№ Р“РѕСЂРѕС€РєРѕ\AppData\Local\Programs\MiKTeX 2.9\tex/
generic/pgf/math\pgfmath.code.tex"
("C:\Users\РќРёРєРѕР»Р°Р№ Р“РѕСЂРѕС€РєРѕ\AppData\Local\Programs\MiKTeX 2.9\tex/
generic/pgf/math\pgfmathcalc.code.tex"
("C:\Users\РќРёРєРѕР»Р°Р№ Р“РѕСЂРѕС€РєРѕ\AppData\Local\Programs\MiKTeX 2.9\tex/
generic/pgf/math\pgfmathutil.code.tex")
("C:\Users\РќРёРєРѕР»Р°Р№ Р“РѕСЂРѕС€РєРѕ\AppData\Local\Programs\MiKTeX 2.9\tex/
generic/pgf/math\pgfmathparser.code.tex"
\pgfmath@dimen=\dimen126
\pgfmath@count=\count110
\pgfmath@box=\box30
\pgfmath@toks=\toks29
\pgfmath@stack@operand=\toks30
\pgfmath@stack@operation=\toks31
)
("C:\Users\РќРёРєРѕР»Р°Р№ Р“РѕСЂРѕС€РєРѕ\AppData\Local\Programs\MiKTeX 2.9\tex/
generic/pgf/math\pgfmathfunctions.code.tex"
("C:\Users\РќРёРєРѕР»Р°Р№ Р“РѕСЂРѕС€РєРѕ\AppData\Local\Programs\MiKTeX 2.9\tex/
generic/pgf/math\pgfmathfunctions.basic.code.tex")
("C:\Users\РќРёРєРѕР»Р°Р№ Р“РѕСЂРѕС€РєРѕ\AppData\Local\Programs\MiKTeX 2.9\tex/
generic/pgf/math\pgfmathfunctions.trigonometric.code.tex")
("C:\Users\РќРёРєРѕР»Р°Р№ Р“РѕСЂРѕС€РєРѕ\AppData\Local\Programs\MiKTeX 2.9\tex/
generic/pgf/math\pgfmathfunctions.random.code.tex")
("C:\Users\РќРёРєРѕР»Р°Р№ Р“РѕСЂРѕС€РєРѕ\AppData\Local\Programs\MiKTeX 2.9\tex/
generic/pgf/math\pgfmathfunctions.comparison.code.tex")
("C:\Users\РќРёРєРѕР»Р°Р№ Р“РѕСЂРѕС€РєРѕ\AppData\Local\Programs\MiKTeX 2.9\tex/
generic/pgf/math\pgfmathfunctions.base.code.tex")
("C:\Users\РќРёРєРѕР»Р°Р№ Р“РѕСЂРѕС€РєРѕ\AppData\Local\Programs\MiKTeX 2.9\tex/
generic/pgf/math\pgfmathfunctions.round.code.tex")
("C:\Users\РќРёРєРѕР»Р°Р№ Р“РѕСЂРѕС€РєРѕ\AppData\Local\Programs\MiKTeX 2.9\tex/
generic/pgf/math\pgfmathfunctions.misc.code.tex")
("C:\Users\РќРёРєРѕР»Р°Р№ Р“РѕСЂРѕС€РєРѕ\AppData\Local\Programs\MiKTeX 2.9\tex/
generic/pgf/math\pgfmathfunctions.integerarithmetics.code.tex")))
("C:\Users\РќРёРєРѕР»Р°Р№ Р“РѕСЂРѕС€РєРѕ\AppData\Local\Programs\MiKTeX 2.9\tex/
generic/pgf/math\pgfmathfloat.code.tex"
\c@pgfmathroundto@lastzeros=\count111
))
("C:\Users\РќРёРєРѕР»Р°Р№ Р“РѕСЂРѕС€РєРѕ\AppData\Local\Programs\MiKTeX 2.9\tex/
generic/pgf/basiclayer\pgfcorepoints.code.tex"
File: pgfcorepoints.code.tex 2019/04/04 v3.1.2 (3.1.2)
\pgf@picminx=\dimen127
\pgf@picmaxx=\dimen128
\pgf@picminy=\dimen129
\pgf@picmaxy=\dimen130
\pgf@pathminx=\dimen131
\pgf@pathmaxx=\dimen132
\pgf@pathminy=\dimen133
\pgf@pathmaxy=\dimen134
\pgf@xx=\dimen135
\pgf@xy=\dimen136
\pgf@yx=\dimen137
\pgf@yy=\dimen138
\pgf@zx=\dimen139
\pgf@zy=\dimen140
)
("C:\Users\РќРёРєРѕР»Р°Р№ Р“РѕСЂРѕС€РєРѕ\AppData\Local\Programs\MiKTeX 2.9\tex/
generic/pgf/basiclayer\pgfcorepathconstruct.code.tex"
File: pgfcorepathconstruct.code.tex 2019/04/04 v3.1.2 (3.1.2)
\pgf@path@lastx=\dimen141
\pgf@path@lasty=\dimen142
)
("C:\Users\РќРёРєРѕР»Р°Р№ Р“РѕСЂРѕС€РєРѕ\AppData\Local\Programs\MiKTeX 2.9\tex/
generic/pgf/basiclayer\pgfcorepathusage.code.tex"
File: pgfcorepathusage.code.tex 2019/04/04 v3.1.2 (3.1.2)
\pgf@shorten@end@additional=\dimen143
\pgf@shorten@start@additional=\dimen144
)
("C:\Users\РќРёРєРѕР»Р°Р№ Р“РѕСЂРѕС€РєРѕ\AppData\Local\Programs\MiKTeX 2.9\tex/
generic/pgf/basiclayer\pgfcorescopes.code.tex"
File: pgfcorescopes.code.tex 2019/04/04 v3.1.2 (3.1.2)
\pgfpic=\box31
\pgf@hbox=\box32
\pgf@layerbox@main=\box33
\pgf@picture@serial@count=\count112
)
("C:\Users\РќРёРєРѕР»Р°Р№ Р“РѕСЂРѕС€РєРѕ\AppData\Local\Programs\MiKTeX 2.9\tex/
generic/pgf/basiclayer\pgfcoregraphicstate.code.tex"
File: pgfcoregraphicstate.code.tex 2019/04/04 v3.1.2 (3.1.2)
\pgflinewidth=\dimen145
)
("C:\Users\РќРёРєРѕР»Р°Р№ Р“РѕСЂРѕС€РєРѕ\AppData\Local\Programs\MiKTeX 2.9\tex/
generic/pgf/basiclayer\pgfcoretransformations.code.tex"
File: pgfcoretransformations.code.tex 2019/04/04 v3.1.2 (3.1.2)
\pgf@pt@x=\dimen146
\pgf@pt@y=\dimen147
\pgf@pt@temp=\dimen148
)
("C:\Users\РќРёРєРѕР»Р°Р№ Р“РѕСЂРѕС€РєРѕ\AppData\Local\Programs\MiKTeX 2.9\tex/
generic/pgf/basiclayer\pgfcorequick.code.tex"
File: pgfcorequick.code.tex 2019/04/04 v3.1.2 (3.1.2)
)
("C:\Users\РќРёРєРѕР»Р°Р№ Р“РѕСЂРѕС€РєРѕ\AppData\Local\Programs\MiKTeX 2.9\tex/
generic/pgf/basiclayer\pgfcoreobjects.code.tex"
File: pgfcoreobjects.code.tex 2019/04/04 v3.1.2 (3.1.2)
)
("C:\Users\РќРёРєРѕР»Р°Р№ Р“РѕСЂРѕС€РєРѕ\AppData\Local\Programs\MiKTeX 2.9\tex/
generic/pgf/basiclayer\pgfcorepathprocessing.code.tex"
File: pgfcorepathprocessing.code.tex 2019/04/04 v3.1.2 (3.1.2)
)
("C:\Users\РќРёРєРѕР»Р°Р№ Р“РѕСЂРѕС€РєРѕ\AppData\Local\Programs\MiKTeX 2.9\tex/
generic/pgf/basiclayer\pgfcorearrows.code.tex"
File: pgfcorearrows.code.tex 2019/04/04 v3.1.2 (3.1.2)
\pgfarrowsep=\dimen149
)
("C:\Users\РќРёРєРѕР»Р°Р№ Р“РѕСЂРѕС€РєРѕ\AppData\Local\Programs\MiKTeX 2.9\tex/
generic/pgf/basiclayer\pgfcoreshade.code.tex"
File: pgfcoreshade.code.tex 2019/04/04 v3.1.2 (3.1.2)
\pgf@max=\dimen150
\pgf@sys@shading@range@num=\count113
\pgf@shadingcount=\count114
)
("C:\Users\РќРёРєРѕР»Р°Р№ Р“РѕСЂРѕС€РєРѕ\AppData\Local\Programs\MiKTeX 2.9\tex/
generic/pgf/basiclayer\pgfcoreimage.code.tex"
File: pgfcoreimage.code.tex 2019/04/04 v3.1.2 (3.1.2)

("C:\Users\РќРёРєРѕР»Р°Р№ Р“РѕСЂРѕС€РєРѕ\AppData\Local\Programs\MiKTeX 2.9\tex/
generic/pgf/basiclayer\pgfcoreexternal.code.tex"
File: pgfcoreexternal.code.tex 2019/04/04 v3.1.2 (3.1.2)
\pgfexternal@startupbox=\box34
))
("C:\Users\РќРёРєРѕР»Р°Р№ Р“РѕСЂРѕС€РєРѕ\AppData\Local\Programs\MiKTeX 2.9\tex/
generic/pgf/basiclayer\pgfcorelayers.code.tex"
File: pgfcorelayers.code.tex 2019/04/04 v3.1.2 (3.1.2)
)
("C:\Users\РќРёРєРѕР»Р°Р№ Р“РѕСЂРѕС€РєРѕ\AppData\Local\Programs\MiKTeX 2.9\tex/
generic/pgf/basiclayer\pgfcoretransparency.code.tex"
File: pgfcoretransparency.code.tex 2019/04/04 v3.1.2 (3.1.2)
)
("C:\Users\РќРёРєРѕР»Р°Р№ Р“РѕСЂРѕС€РєРѕ\AppData\Local\Programs\MiKTeX 2.9\tex/
generic/pgf/basiclayer\pgfcorepatterns.code.tex"
File: pgfcorepatterns.code.tex 2019/04/04 v3.1.2 (3.1.2)
)
("C:\Users\РќРёРєРѕР»Р°Р№ Р“РѕСЂРѕС€РєРѕ\AppData\Local\Programs\MiKTeX 2.9\tex/
generic/pgf/basiclayer\pgfcorerdf.code.tex"
File: pgfcorerdf.code.tex 2019/04/04 v3.1.2 (3.1.2)
)))
("C:\Users\РќРёРєРѕР»Р°Р№ Р“РѕСЂРѕС€РєРѕ\AppData\Local\Programs\MiKTeX 2.9\tex/
generic/pgf/modules\pgfmoduleshapes.code.tex"
File: pgfmoduleshapes.code.tex 2019/04/04 v3.1.2 (3.1.2)
\pgfnodeparttextbox=\box35
)
("C:\Users\РќРёРєРѕР»Р°Р№ Р“РѕСЂРѕС€РєРѕ\AppData\Local\Programs\MiKTeX 2.9\tex/
generic/pgf/modules\pgfmoduleplot.code.tex"
File: pgfmoduleplot.code.tex 2019/04/04 v3.1.2 (3.1.2)
)
("C:\Users\РќРёРєРѕР»Р°Р№ Р“РѕСЂРѕС€РєРѕ\AppData\Local\Programs\MiKTeX 2.9\tex/
latex/pgf/compatibility\pgfcomp-version-0-65.sty"
Package: pgfcomp-version-0-65 2019/04/04 v3.1.2 (3.1.2)
\pgf@nodesepstart=\dimen151
\pgf@nodesepend=\dimen152
)
("C:\Users\РќРёРєРѕР»Р°Р№ Р“РѕСЂРѕС€РєРѕ\AppData\Local\Programs\MiKTeX 2.9\tex/
latex/pgf/compatibility\pgfcomp-version-1-18.sty"
Package: pgfcomp-version-1-18 2019/04/04 v3.1.2 (3.1.2)
))
("C:\Users\РќРёРєРѕР»Р°Р№ Р“РѕСЂРѕС€РєРѕ\AppData\Local\Programs\MiKTeX 2.9\tex/
latex/pgf/utilities\pgffor.sty"
("C:\Users\РќРёРєРѕР»Р°Р№ Р“РѕСЂРѕС€РєРѕ\AppData\Local\Programs\MiKTeX 2.9\tex/
latex/pgf/utilities\pgfkeys.sty"
("C:\Users\РќРёРєРѕР»Р°Р№ Р“РѕСЂРѕС€РєРѕ\AppData\Local\Programs\MiKTeX 2.9\tex/
generic/pgf/utilities\pgfkeys.code.tex"))
("C:\Users\РќРёРєРѕР»Р°Р№ Р“РѕСЂРѕС€РєРѕ\AppData\Local\Programs\MiKTeX 2.9\tex/
latex/pgf/math\pgfmath.sty"
("C:\Users\РќРёРєРѕР»Р°Р№ Р“РѕСЂРѕС€РєРѕ\AppData\Local\Programs\MiKTeX 2.9\tex/
generic/pgf/math\pgfmath.code.tex"))
("C:\Users\РќРёРєРѕР»Р°Р№ Р“РѕСЂРѕС€РєРѕ\AppData\Local\Programs\MiKTeX 2.9\tex/
generic/pgf/utilities\pgffor.code.tex"
Package: pgffor 2019/04/04 v3.1.2 (3.1.2)

("C:\Users\РќРёРєРѕР»Р°Р№ Р“РѕСЂРѕС€РєРѕ\AppData\Local\Programs\MiKTeX 2.9\tex/
generic/pgf/math\pgfmath.code.tex")
\pgffor@iter=\dimen153
\pgffor@skip=\dimen154
\pgffor@stack=\toks32
\pgffor@toks=\toks33
))
("C:\Users\РќРёРєРѕР»Р°Р№ Р“РѕСЂРѕС€РєРѕ\AppData\Local\Programs\MiKTeX 2.9\tex/
generic/pgf/frontendlayer/tikz\tikz.code.tex"
Package: tikz 2019/04/04 v3.1.2 (3.1.2)

("C:\Users\РќРёРєРѕР»Р°Р№ Р“РѕСЂРѕС€РєРѕ\AppData\Local\Programs\MiKTeX 2.9\tex/
generic/pgf/libraries\pgflibraryplothandlers.code.tex"
File: pgflibraryplothandlers.code.tex 2019/04/04 v3.1.2 (3.1.2)
\pgf@plot@mark@count=\count115
\pgfplotmarksize=\dimen155
)
\tikz@lastx=\dimen156
\tikz@lasty=\dimen157
\tikz@lastxsaved=\dimen158
\tikz@lastysaved=\dimen159
\tikzleveldistance=\dimen160
\tikzsiblingdistance=\dimen161
\tikz@figbox=\box36
\tikz@figbox@bg=\box37
\tikz@tempbox=\box38
\tikz@tempbox@bg=\box39
\tikztreelevel=\count116
\tikznumberofchildren=\count117
\tikznumberofcurrentchild=\count118
\tikz@fig@count=\count119

("C:\Users\РќРёРєРѕР»Р°Р№ Р“РѕСЂРѕС€РєРѕ\AppData\Local\Programs\MiKTeX 2.9\tex/
generic/pgf/modules\pgfmodulematrix.code.tex"
File: pgfmodulematrix.code.tex 2019/04/04 v3.1.2 (3.1.2)
\pgfmatrixcurrentrow=\count120
\pgfmatrixcurrentcolumn=\count121
\pgf@matrix@numberofcolumns=\count122
)
\tikz@expandcount=\count123

("C:\Users\РќРёРєРѕР»Р°Р№ Р“РѕСЂРѕС€РєРѕ\AppData\Local\Programs\MiKTeX 2.9\tex/
generic/pgf/frontendlayer/tikz/libraries\tikzlibrarytopaths.code.tex"
File: tikzlibrarytopaths.code.tex 2019/04/04 v3.1.2 (3.1.2)
)))
("C:\Users\РќРёРєРѕР»Р°Р№ Р“РѕСЂРѕС€РєРѕ\AppData\Local\Programs\MiKTeX 2.9\tex/
generic/pgf/frontendlayer/tikz/libraries\tikzlibrarypositioning.code.tex"
File: tikzlibrarypositioning.code.tex 2019/04/04 v3.1.2 (3.1.2)
)
("C:\Users\РќРёРєРѕР»Р°Р№ Р“РѕСЂРѕС€РєРѕ\AppData\Local\Programs\MiKTeX 2.9\tex/
latex/geometry\geometry.sty"
Package: geometry 2018/04/16 v5.8 Page Geometry

("C:\Users\РќРёРєРѕР»Р°Р№ Р“РѕСЂРѕС€РєРѕ\AppData\Local\Programs\MiKTeX 2.9\tex/
generic/oberdiek\ifvtex.sty"
Package: ifvtex 2016/05/16 v1.6 Detect VTeX and its facilities (HO)
Package ifvtex Info: VTeX not detected.
)
("C:\Users\РќРёРєРѕР»Р°Р№ Р“РѕСЂРѕС€РєРѕ\AppData\Local\Programs\MiKTeX 2.9\tex/
generic/ifxetex\ifxetex.sty"
Package: ifxetex 2010/09/12 v0.6 Provides ifxetex conditional
)
\Gm@cnth=\count124
\Gm@cntv=\count125
\c@Gm@tempcnt=\count126
\Gm@bindingoffset=\dimen162
\Gm@wd@mp=\dimen163
\Gm@odd@mp=\dimen164
\Gm@even@mp=\dimen165
\Gm@layoutwidth=\dimen166
\Gm@layoutheight=\dimen167
\Gm@layouthoffset=\dimen168
\Gm@layoutvoffset=\dimen169
\Gm@dimlist=\toks34

("C:\Users\РќРёРєРѕР»Р°Р№ Р“РѕСЂРѕС€РєРѕ\AppData\Local\Programs\MiKTeX 2.9\tex/
latex/geometry\geometry.cfg"))
("C:\Users\РќРёРєРѕР»Р°Р№ Р“РѕСЂРѕС€РєРѕ\AppData\Local\Programs\MiKTeX 2.9\tex/
latex/setspace\setspace.sty"
Package: setspace 2011/12/19 v6.7a set line spacing
)
\c@theorem=\count127
\c@corollary=\count128
\c@lemma=\count129
\c@proposition=\count130
\c@remark=\count131
\c@assumption=\count132
\c@example=\count133
\c@definition=\count134
\c@figcount=\count135

("C:\Users\РќРёРєРѕР»Р°Р№ Р“РѕСЂРѕС€РєРѕ\AppData\Local\Programs\MiKTeX 2.9\tex/
latex/titlesec\titlesec.sty"
Package: titlesec 2016/03/21 v2.10.2 Sectioning titles
\ttl@box=\box40
\beforetitleunit=\skip46
\aftertitleunit=\skip47
\ttl@plus=\dimen170
\ttl@minus=\dimen171
\ttl@toksa=\toks35
\titlewidth=\dimen172
\titlewidthlast=\dimen173
\titlewidthfirst=\dimen174
)
("C:\Users\РќРёРєРѕР»Р°Р№ Р“РѕСЂРѕС€РєРѕ\AppData\Local\Programs\MiKTeX 2.9\tex/
latex/titlesec\titletoc.sty"
Package: titletoc 2011/12/15 v1.6 TOC entries
\ttl@leftsep=\dimen175
)) (РїРµРґР°РіРѕРіРёРєР°.aux
LaTeX Font Info:    Try loading font information for T2A+cmr on input line 3.

("C:\Users\РќРёРєРѕР»Р°Р№ Р“РѕСЂРѕС€РєРѕ\AppData\Local\Programs\MiKTeX 2.9\tex/
latex/cyrillic\t2acmr.fd"
File: t2acmr.fd 2001/08/11 v1.0a Computer Modern Cyrillic font definitions
))
\openout1 = `РїРµРґР°РіРѕРіРёРєР°.aux'.

LaTeX Font Info:    Checking defaults for OML/cmm/m/it on input line 7.
LaTeX Font Info:    ... okay on input line 7.
LaTeX Font Info:    Checking defaults for T1/cmr/m/n on input line 7.
LaTeX Font Info:    ... okay on input line 7.
LaTeX Font Info:    Checking defaults for OT1/cmr/m/n on input line 7.
LaTeX Font Info:    ... okay on input line 7.
LaTeX Font Info:    Checking defaults for OMS/cmsy/m/n on input line 7.
LaTeX Font Info:    ... okay on input line 7.
LaTeX Font Info:    Checking defaults for OMX/cmex/m/n on input line 7.
LaTeX Font Info:    ... okay on input line 7.
LaTeX Font Info:    Checking defaults for U/cmr/m/n on input line 7.
LaTeX Font Info:    ... okay on input line 7.
LaTeX Font Info:    Checking defaults for T2A/cmr/m/n on input line 7.
LaTeX Font Info:    ... okay on input line 7.

("C:\Users\РќРёРєРѕР»Р°Р№ Р“РѕСЂРѕС€РєРѕ\AppData\Local\Programs\MiKTeX 2.9\tex/
context/base/mkii\supp-pdf.mkii"
[Loading MPS to PDF converter (version 2006.09.02).]
\scratchcounter=\count136
\scratchdimen=\dimen176
\scratchbox=\box41
\nofMPsegments=\count137
\nofMParguments=\count138
\everyMPshowfont=\toks36
\MPscratchCnt=\count139
\MPscratchDim=\dimen177
\MPnumerator=\count140
\makeMPintoPDFobject=\count141
\everyMPtoPDFconversion=\toks37
) ABD: EveryShipout initializing macros
*geometry* driver: auto-detecting
*geometry* detected driver: pdftex
*geometry* verbose mode - [ preamble ] result:
* driver: pdftex
* paper: a4paper
* layout: <same size as paper>
* layoutoffset:(h,v)=(0.0pt,0.0pt)
* modes: 
* h-part:(L,W,R)=(85.35826pt, 483.69687pt, 28.45274pt)
* v-part:(T,H,B)=(56.9055pt, 731.23584pt, 56.9055pt)
* \paperwidth=597.50787pt
* \paperheight=845.04684pt
* \textwidth=483.69687pt
* \textheight=731.23584pt
* \oddsidemargin=13.08827pt
* \evensidemargin=13.08827pt
* \topmargin=-54.36449pt
* \headheight=14.0pt
* \headsep=25.0pt
* \topskip=14.0pt
* \footskip=30.0pt
* \marginparwidth=15.0pt
* \marginparsep=10.0pt
* \columnsep=10.0pt
* \skip\footins=12.0pt plus 4.0pt minus 2.0pt
* \hoffset=0.0pt
* \voffset=0.0pt
* \mag=1000
* \@twocolumnfalse
* \@twosidefalse
* \@mparswitchfalse
* \@reversemarginfalse
* (1in=72.27pt=25.4mm, 1cm=28.453pt)


Overfull \hbox (28.45271pt too wide) in paragraph at lines 28--28
[]| [] 
 []

[1

{C:/Users/РќРёРєРѕР»Р°Р№ Р“РѕСЂРѕС€РєРѕ/AppData/Local/MiKTeX/2.9/pdftex/config/
pdftex.map}] (РїРµРґР°РіРѕРіРёРєР°.toc
Overfull \hbox (7.9181pt too wide) detected at line 4
\T2A/cmr/bx/n/14.4 1 
 []


Overfull \hbox (7.9181pt too wide) detected at line 5
\T2A/cmr/bx/n/14.4 2 
 []


Underfull \hbox (badness 10000) in paragraph at lines 6--6
[]|\T2A/cmr/m/n/14.4 2.1 Осо-бен-но-сти дет-ских оздо-ро-ви-тель-ных ла-ге-рей 
Рес-пуб-ли-ки 
 []

)
\tf@toc=\write4
\openout4 = `РїРµРґР°РіРѕРіРёРєР°.toc'.

 (intro.tex [2

]) (chapter1.tex [3

]
{\cyrillictext \CYRG \cyrl \cyra \cyrv \cyra } 1.

Underfull \hbox (badness 10000) in paragraph at lines 2--7

 []

LaTeX Font Info:    Try loading font information for OMS+cmr on input line 8.

("C:\Users\РќРёРєРѕР»Р°Р№ Р“РѕСЂРѕС€РєРѕ\AppData\Local\Programs\MiKTeX 2.9\tex/
latex/base\omscmr.fd"
File: omscmr.fd 2014/09/29 v2.5h Standard LaTeX font definitions
)
LaTeX Font Info:    Font shape `OMS/cmr/m/n' in size <14.4> not available
(Font)              Font shape `OMS/cmsy/m/n' tried instead on input line 8.

Underfull \hbox (badness 3039) in paragraph at lines 14--17
[]\T2A/cmr/m/n/14.4 ринятие чле-на-ми ВДО ценностно-ориентированных норм по-ве-
де-
 []


Underfull \hbox (badness 6910) in paragraph at lines 14--17
\T2A/cmr/m/n/14.4 ния в кон-тек-сте вос-пи-та-тель-но-го про-стран-ства образов
ательно-
 []

[4

]
Underfull \hbox (badness 1028) in paragraph at lines 60--62
[]\T2A/cmr/m/n/14.4 познавательно-преобразовательную, яв-ля-ю-щу-ю-ся от-ра-же-
ни-ем мо-ти-
 []

) [5] (chapter2.tex [6]
{\cyrillictext \CYRG \cyrl \cyra \cyrv \cyra } 2.

Underfull \hbox (badness 10000) in paragraph at lines 2--3
[]\T2A/cmr/m/n/14.4 Некоторыеизособенностей,описанныевданнойглаве,напервыйвзгля
д не
 []


Underfull \hbox (badness 10000) in paragraph at lines 2--3
\T2A/cmr/m/n/14.4 по-ни-ма-ни-я-и-срав-не-нияя,втомчисле,будуосвещатьито,чтокаж
етсянеочень
 []


Underfull \hbox (badness 10000) in paragraph at lines 2--3
\T2A/cmr/m/n/14.4 важ-ным.Всегобудетраскрытопятьосновныхособенностей,которыетак
или
 []


Underfull \hbox (badness 10000) in paragraph at lines 2--3
\T2A/cmr/m/n/14.4 ина-че-име-ю-тот-но-ше-ние-кор-га-ни-за-ции-вос-пи-та-тель-но
й-ра-бо-ты-спод-рост-ка-ми в
 []


Underfull \hbox (badness 10000) in paragraph at lines 5--15
\T2A/cmr/m/n/14.4 об-ще-жи-тия,темсамымсоздаваябольшойколлектив.Этотколлектив,з
ачастую
 []


Underfull \hbox (badness 4752) in paragraph at lines 5--15
\T2A/cmr/m/n/14.4 ста-ра-ет-ся обес-пе-чить мак-си-маль-но ком-форт-ные усло-ви
я про-жи-ва-ния.
 []


Underfull \hbox (badness 10000) in paragraph at lines 5--15
\T2A/cmr/m/n/14.4 фи-ло-со-фи-и-его-и-де-имож-но-от-не-сти-кан-тро-по-цен-трист
-ским,т.е.полагающим
 []


Underfull \hbox (badness 10000) in paragraph at lines 5--15
\T2A/cmr/m/n/14.4 по-сто-ян-но-на-по-ми-на-ю-тоб-этом,игораздотруднеесоблюдатьэ
тотраспорядок
 []


Underfull \hbox (badness 10000) in paragraph at lines 5--15
\T2A/cmr/m/n/14.4 Естьещеоднаособенность,которуюскорееследуетназватьпроблемой.К
огда в
 []


Underfull \hbox (badness 10000) in paragraph at lines 5--15
\T2A/cmr/m/n/14.4 кол-лек-ти-вах)действительноформируютсясвоисвязиитрадиции,нов
есьлагерь
 []


Underfull \hbox (badness 1231) in paragraph at lines 5--15
\T2A/cmr/m/n/14.4 Сопоставив все фак-то-ры вы-ри-со-вы-ва-ет-ся сле-ду-ю-щая ка
р-ти-на. Дет-ские
 []

[7

] [8] [9]
LaTeX Font Info:    Try loading font information for U+msa on input line 19.

("C:\Users\РќРёРєРѕР»Р°Р№ Р“РѕСЂРѕС€РєРѕ\AppData\Local\Programs\MiKTeX 2.9\tex/
latex/amsfonts\umsa.fd"
File: umsa.fd 2013/01/14 v3.01 AMS symbols A
)
LaTeX Font Info:    Try loading font information for U+msb on input line 19.

("C:\Users\РќРёРєРѕР»Р°Р№ Р“РѕСЂРѕС€РєРѕ\AppData\Local\Programs\MiKTeX 2.9\tex/
latex/amsfonts\umsb.fd"
File: umsb.fd 2013/01/14 v3.01 AMS symbols B
) [10] [11]) (conclusions.tex [12]) (bibliography.tex)
[13

] (РїРµРґР°РіРѕРіРёРєР°.aux) ) 
Here is how much of TeX's memory you used:
 14828 strings out of 492942
 292022 string characters out of 3115533
 344878 words of memory out of 3000000
 18396 multiletter control sequences out of 15000+200000
 9488 words of font info for 29 fonts, out of 3000000 for 9000
 1141 hyphenation exceptions out of 8191
 62i,5n,50p,1006b,185s stack positions out of 5000i,500n,10000p,200000b,50000s
{C:/Users/РќРёРєРѕР»Р°Р№ Р“РѕСЂРѕС€РєРѕ/AppData/L
ocal/Programs/MiKTeX 2.9/fonts/enc/dvips/cm-super/cm-super-t2a.enc}<C:/Users/Рќ
РёРєРѕР»Р°Р№ Р“РѕСЂРѕС€РєРѕ/AppData/Local/Programs/MiKTeX 2.9/fonts/type1/publi
c/amsfonts/cm/cmr12.pfb><C:/Users/РќРёРєРѕР»Р°Р№ Р“РѕСЂРѕС€РєРѕ/AppData/Local/P
rograms/MiKTeX 2.9/fonts/type1/public/amsfonts/cm/cmsy10.pfb><C:/Users/РќРёРєРѕ
Р»Р°Р№ Р“РѕСЂРѕС€РєРѕ/AppData/Local/Programs/MiKTeX 2.9/fonts/type1/public/cm-s
uper/sfbx1440.pfb><C:/Users/РќРёРєРѕР»Р°Р№ Р“РѕСЂРѕС€РєРѕ/AppData/Local/Program
s/MiKTeX 2.9/fonts/type1/public/cm-super/sfbx1728.pfb><C:/Users/РќРёРєРѕР»Р°Р№ 
Р“РѕСЂРѕС€РєРѕ/AppData/Local/Programs/MiKTeX 2.9/fonts/type1/public/cm-super/sf
rm1440.pfb>
Output written on РїРµРґР°РіРѕРіРёРєР°.pdf (13 pages, 115619 bytes).
PDF statistics:
 69 PDF objects out of 1000 (max. 8388607)
 0 named destinations out of 1000 (max. 500000)
 13 words of extra memory for PDF output out of 10000 (max. 10000000)

